D:\STUDY\2014_09\OPENGL\SIMPLESHADER\SIMPLESHADER\DEBUG\MAIN.OBJ
D:\STUDY\2014_09\OPENGL\SIMPLESHADER\SIMPLESHADER\DEBUG\VC110.PDB
D:\STUDY\2014_09\OPENGL\SIMPLESHADER\DEBUG\SIMPLESHADER.ILK
D:\STUDY\2014_09\OPENGL\SIMPLESHADER\DEBUG\SIMPLESHADER.EXE
D:\STUDY\2014_09\OPENGL\SIMPLESHADER\DEBUG\SIMPLESHADER.PDB
D:\study\2014_09\OpenGL\SimpleShader\SimpleShader\Debug\main.obj
D:\study\2014_09\OpenGL\SimpleShader\SimpleShader\Debug\cl.command.1.tlog
D:\study\2014_09\OpenGL\SimpleShader\SimpleShader\Debug\CL.read.1.tlog
D:\study\2014_09\OpenGL\SimpleShader\SimpleShader\Debug\CL.write.1.tlog
D:\study\2014_09\OpenGL\SimpleShader\SimpleShader\Debug\link-cvtres.read.1.tlog
D:\study\2014_09\OpenGL\SimpleShader\SimpleShader\Debug\link-cvtres.write.1.tlog
D:\study\2014_09\OpenGL\SimpleShader\SimpleShader\Debug\link-rc.read.1.tlog
D:\study\2014_09\OpenGL\SimpleShader\SimpleShader\Debug\link-rc.write.1.tlog
D:\study\2014_09\OpenGL\SimpleShader\SimpleShader\Debug\link.command.1.tlog
D:\study\2014_09\OpenGL\SimpleShader\SimpleShader\Debug\link.read.1.tlog
D:\study\2014_09\OpenGL\SimpleShader\SimpleShader\Debug\link.write.1.tlog
D:\study\2014_09\OpenGL\SimpleShader\SimpleShader\Debug\vc110.idb
D:\study\2014_09\OpenGL\SimpleShader\SimpleShader\Debug\vc110.pdb
D:\study\2014_09\OpenGL\SimpleShader\Debug\SimpleShader.pdb
D:\study\2014_09\OpenGL\SimpleShader\Debug\SimpleShader.exe
D:\study\2014_09\OpenGL\SimpleShader\Debug\SimpleShader.ilk
